<?xml version="1.0" encoding="UTF-8"?>
<!-- Generated by org.testng.reporters.JUnitXMLReporter -->
<testsuite ignored="0" hostname="DESKTOP-I6F20TN" failures="0" tests="4" name="Default test" time="12.641" errors="0" timestamp="2022-05-31T14:27:10 EET">
  <testcase classname="Tests.EmailFriendTest" name="registerUserSuccessfully" time="3.827"/>
  <testcase classname="Tests.EmailFriendTest" name="usercansearchforproduct" time="4.303"/>
  <testcase classname="Tests.EmailFriendTest" name="registerUserCanSendProductToFriend" time="2.382"/>
  <testcase classname="Tests.EmailFriendTest" name="User_Can_log_out" time="1.767"/>
</testsuite> <!-- Default test -->
