<?xml version="1.0" encoding="UTF-8"?>
<testng-results ignored="0" total="1" passed="1" failed="0" skipped="0">
  <reporter-output>
  </reporter-output>
  <suite started-at="2022-05-19T18:50:35 EET" name="Default suite" finished-at="2022-05-19T18:50:49 EET" duration-ms="14338">
    <groups>
    </groups>
    <test started-at="2022-05-19T18:50:35 EET" name="Default test" finished-at="2022-05-19T18:50:49 EET" duration-ms="14338">
      <class name="Tests.CompareTest">
        <test-method is-config="true" signature="startDriver(java.lang.String)[pri:0, instance:Tests.CompareTest@5876a9af]" started-at="2022-05-19T18:50:25 EET" name="startDriver" finished-at="2022-05-19T18:50:35 EET" duration-ms="9451" status="PASS">
          <params>
            <param index="0">
              <value>
                <![CDATA[chrome]]>
              </value>
            </param>
          </params>
          <reporter-output>
          </reporter-output>
        </test-method> <!-- startDriver -->
        <test-method signature="UserCanSearchWithAutoSuggest()[pri:0, instance:Tests.CompareTest@5876a9af]" started-at="2022-05-19T18:50:35 EET" name="UserCanSearchWithAutoSuggest" finished-at="2022-05-19T18:50:49 EET" duration-ms="14294" status="PASS">
          <reporter-output>
          </reporter-output>
        </test-method> <!-- UserCanSearchWithAutoSuggest -->
      </class> <!-- Tests.CompareTest -->
    </test> <!-- Default test -->
  </suite> <!-- Default suite -->
</testng-results>
